This file contains any messages produced by compilers while
running configure, to aid debugging if configure makes a mistake.

It was created by FTGLES2 configure 0.1, which was
generated by GNU Autoconf 2.69.  Invocation command line was

  $ ./configure --enable-static

## --------- ##
## Platform. ##
## --------- ##

hostname = luke
uname -m = x86_64
uname -r = 4.4.0-133-generic
uname -s = Linux
uname -v = #159-Ubuntu SMP Fri Aug 10 07:31:43 UTC 2018

/usr/bin/uname -p = unknown
/bin/uname -X     = unknown

/bin/arch              = unknown
/usr/bin/arch -k       = unknown
/usr/convex/getsysinfo = unknown
/usr/bin/hostinfo      = unknown
/bin/machine           = unknown
/usr/bin/oslevel       = unknown
/bin/universe          = unknown

PATH: /home/hib/bin
PATH: /usr/local/sbin
PATH: /usr/local/bin
PATH: /usr/sbin
PATH: /usr/bin
PATH: /sbin
PATH: /bin
PATH: /usr/games
PATH: /usr/local/games
PATH: /snap/bin


## ----------- ##
## Core tests. ##
## ----------- ##

configure:2596: checking for a BSD-compatible install
configure:2664: result: /usr/bin/install -c
configure:2675: checking whether build environment is sane
configure:2730: result: yes
configure:2768: WARNING: 'missing' script is too old or missing
configure:2881: checking for a thread-safe mkdir -p
configure:2920: result: /bin/mkdir -p
configure:2927: checking for gawk
configure:2943: found /usr/bin/gawk
configure:2954: result: gawk
configure:2965: checking whether make sets $(MAKE)
configure:2987: result: yes
configure:3016: checking whether make supports nested variables
configure:3033: result: yes
configure:3211: checking for g++
configure:3227: found /usr/bin/g++
configure:3238: result: g++
configure:3265: checking for C++ compiler version
configure:3274: g++ --version >&5
g++ (Ubuntu 5.4.0-6ubuntu1~16.04.10) 5.4.0 20160609
Copyright (C) 2015 Free Software Foundation, Inc.
This is free software; see the source for copying conditions.  There is NO
warranty; not even for MERCHANTABILITY or FITNESS FOR A PARTICULAR PURPOSE.

configure:3285: $? = 0
configure:3274: g++ -v >&5
Using built-in specs.
COLLECT_GCC=g++
COLLECT_LTO_WRAPPER=/usr/lib/gcc/x86_64-linux-gnu/5/lto-wrapper
Target: x86_64-linux-gnu
Configured with: ../src/configure -v --with-pkgversion='Ubuntu 5.4.0-6ubuntu1~16.04.10' --with-bugurl=file:///usr/share/doc/gcc-5/README.Bugs --enable-languages=c,ada,c++,java,go,d,fortran,objc,obj-c++ --prefix=/usr --program-suffix=-5 --enable-shared --enable-linker-build-id --libexecdir=/usr/lib --without-included-gettext --enable-threads=posix --libdir=/usr/lib --enable-nls --with-sysroot=/ --enable-clocale=gnu --enable-libstdcxx-debug --enable-libstdcxx-time=yes --with-default-libstdcxx-abi=new --enable-gnu-unique-object --disable-vtable-verify --enable-libmpx --enable-plugin --with-system-zlib --disable-browser-plugin --enable-java-awt=gtk --enable-gtk-cairo --with-java-home=/usr/lib/jvm/java-1.5.0-gcj-5-amd64/jre --enable-java-home --with-jvm-root-dir=/usr/lib/jvm/java-1.5.0-gcj-5-amd64 --with-jvm-jar-dir=/usr/lib/jvm-exports/java-1.5.0-gcj-5-amd64 --with-arch-directory=amd64 --with-ecj-jar=/usr/share/java/eclipse-ecj.jar --enable-objc-gc --enable-multiarch --disable-werror --with-arch-32=i686 --with-abi=m64 --with-multilib-list=m32,m64,mx32 --enable-multilib --with-tune=generic --enable-checking=release --build=x86_64-linux-gnu --host=x86_64-linux-gnu --target=x86_64-linux-gnu
Thread model: posix
gcc version 5.4.0 20160609 (Ubuntu 5.4.0-6ubuntu1~16.04.10) 
configure:3285: $? = 0
configure:3274: g++ -V >&5
g++: error: unrecognized command line option '-V'
g++: fatal error: no input files
compilation terminated.
configure:3285: $? = 1
configure:3274: g++ -qversion >&5
g++: error: unrecognized command line option '-qversion'
g++: fatal error: no input files
compilation terminated.
configure:3285: $? = 1
configure:3305: checking whether the C++ compiler works
configure:3327: g++  -DFTGLES2=1 -I/usr/include  -I/usr/local/include  conftest.cpp  >&5
configure:3331: $? = 0
configure:3379: result: yes
configure:3382: checking for C++ compiler default output file name
configure:3384: result: a.out
configure:3390: checking for suffix of executables
configure:3397: g++ -o conftest  -DFTGLES2=1 -I/usr/include  -I/usr/local/include  conftest.cpp  >&5
configure:3401: $? = 0
configure:3423: result: 
configure:3445: checking whether we are cross compiling
configure:3453: g++ -o conftest  -DFTGLES2=1 -I/usr/include  -I/usr/local/include  conftest.cpp  >&5
configure:3457: $? = 0
configure:3464: ./conftest
configure:3468: $? = 0
configure:3483: result: no
configure:3488: checking for suffix of object files
configure:3510: g++ -c  -DFTGLES2=1 -I/usr/include  -I/usr/local/include conftest.cpp >&5
configure:3514: $? = 0
configure:3535: result: o
configure:3539: checking whether we are using the GNU C++ compiler
configure:3558: g++ -c  -DFTGLES2=1 -I/usr/include  -I/usr/local/include conftest.cpp >&5
configure:3558: $? = 0
configure:3567: result: yes
configure:3576: checking whether g++ accepts -g
configure:3596: g++ -c -g -DFTGLES2=1 -I/usr/include  -I/usr/local/include conftest.cpp >&5
configure:3596: $? = 0
configure:3637: result: yes
configure:3671: checking for style of include used by make
configure:3699: result: GNU
configure:3725: checking dependency style of g++
configure:3836: result: gcc3
configure:3890: checking build system type
configure:3904: result: x86_64-unknown-linux-gnu
configure:3924: checking host system type
configure:3937: result: x86_64-unknown-linux-gnu
configure:4005: checking for gcc
configure:4021: found /usr/bin/gcc
configure:4032: result: gcc
configure:4261: checking for C compiler version
configure:4270: gcc --version >&5
gcc (Ubuntu 5.4.0-6ubuntu1~16.04.10) 5.4.0 20160609
Copyright (C) 2015 Free Software Foundation, Inc.
This is free software; see the source for copying conditions.  There is NO
warranty; not even for MERCHANTABILITY or FITNESS FOR A PARTICULAR PURPOSE.

configure:4281: $? = 0
configure:4270: gcc -v >&5
Using built-in specs.
COLLECT_GCC=gcc
COLLECT_LTO_WRAPPER=/usr/lib/gcc/x86_64-linux-gnu/5/lto-wrapper
Target: x86_64-linux-gnu
Configured with: ../src/configure -v --with-pkgversion='Ubuntu 5.4.0-6ubuntu1~16.04.10' --with-bugurl=file:///usr/share/doc/gcc-5/README.Bugs --enable-languages=c,ada,c++,java,go,d,fortran,objc,obj-c++ --prefix=/usr --program-suffix=-5 --enable-shared --enable-linker-build-id --libexecdir=/usr/lib --without-included-gettext --enable-threads=posix --libdir=/usr/lib --enable-nls --with-sysroot=/ --enable-clocale=gnu --enable-libstdcxx-debug --enable-libstdcxx-time=yes --with-default-libstdcxx-abi=new --enable-gnu-unique-object --disable-vtable-verify --enable-libmpx --enable-plugin --with-system-zlib --disable-browser-plugin --enable-java-awt=gtk --enable-gtk-cairo --with-java-home=/usr/lib/jvm/java-1.5.0-gcj-5-amd64/jre --enable-java-home --with-jvm-root-dir=/usr/lib/jvm/java-1.5.0-gcj-5-amd64 --with-jvm-jar-dir=/usr/lib/jvm-exports/java-1.5.0-gcj-5-amd64 --with-arch-directory=amd64 --with-ecj-jar=/usr/share/java/eclipse-ecj.jar --enable-objc-gc --enable-multiarch --disable-werror --with-arch-32=i686 --with-abi=m64 --with-multilib-list=m32,m64,mx32 --enable-multilib --with-tune=generic --enable-checking=release --build=x86_64-linux-gnu --host=x86_64-linux-gnu --target=x86_64-linux-gnu
Thread model: posix
gcc version 5.4.0 20160609 (Ubuntu 5.4.0-6ubuntu1~16.04.10) 
configure:4281: $? = 0
configure:4270: gcc -V >&5
gcc: error: unrecognized command line option '-V'
gcc: fatal error: no input files
compilation terminated.
configure:4281: $? = 1
configure:4270: gcc -qversion >&5
gcc: error: unrecognized command line option '-qversion'
gcc: fatal error: no input files
compilation terminated.
configure:4281: $? = 1
configure:4285: checking whether we are using the GNU C compiler
configure:4304: gcc -c -DFTGLES2=1 -I/usr/include -I/usr/local/include -DFTGLES2=1 -I/usr/include  -I/usr/local/include conftest.c >&5
configure:4304: $? = 0
configure:4313: result: yes
configure:4322: checking whether gcc accepts -g
configure:4342: gcc -c -g -DFTGLES2=1 -I/usr/include  -I/usr/local/include conftest.c >&5
configure:4342: $? = 0
configure:4383: result: yes
configure:4400: checking for gcc option to accept ISO C89
configure:4463: gcc  -c -DFTGLES2=1 -I/usr/include -I/usr/local/include -DFTGLES2=1 -I/usr/include  -I/usr/local/include conftest.c >&5
configure:4463: $? = 0
configure:4476: result: none needed
configure:4501: checking whether gcc understands -c and -o together
configure:4523: gcc -c conftest.c -o conftest2.o
configure:4526: $? = 0
configure:4523: gcc -c conftest.c -o conftest2.o
configure:4526: $? = 0
configure:4538: result: yes
configure:4557: checking dependency style of gcc
configure:4668: result: gcc3
configure:4683: checking for a sed that does not truncate output
configure:4747: result: /bin/sed
configure:4765: checking for grep that handles long lines and -e
configure:4823: result: /bin/grep
configure:4828: checking for egrep
configure:4890: result: /bin/grep -E
configure:4895: checking for fgrep
configure:4957: result: /bin/grep -F
configure:4992: checking for ld used by gcc
configure:5059: result: /usr/bin/ld
configure:5066: checking if the linker (/usr/bin/ld) is GNU ld
configure:5081: result: yes
configure:5093: checking for BSD- or MS-compatible name lister (nm)
configure:5142: result: /usr/bin/nm -B
configure:5260: checking the name lister (/usr/bin/nm -B) interface
configure:5267: gcc -c -DFTGLES2=1 -I/usr/include -I/usr/local/include -DFTGLES2=1 -I/usr/include  -I/usr/local/include conftest.c >&5
configure:5270: /usr/bin/nm -B "conftest.o"
configure:5273: output
0000000000000000 B some_variable
configure:5280: result: BSD nm
configure:5283: checking whether ln -s works
configure:5287: result: yes
configure:5295: checking the maximum length of command line arguments
configure:5415: result: 1572864
configure:5432: checking whether the shell understands some XSI constructs
configure:5442: result: yes
configure:5446: checking whether the shell understands "+="
configure:5452: result: yes
configure:5487: checking for /usr/bin/ld option to reload object files
configure:5494: result: -r
configure:5563: checking for objdump
configure:5579: found /usr/bin/objdump
configure:5590: result: objdump
configure:5622: checking how to recognize dependent libraries
configure:5818: result: pass_all
configure:5878: checking for ar
configure:5894: found /usr/bin/ar
configure:5905: result: ar
configure:5983: checking for strip
configure:5999: found /usr/bin/strip
configure:6010: result: strip
configure:6082: checking for ranlib
configure:6098: found /usr/bin/ranlib
configure:6109: result: ranlib
configure:6199: checking command to parse /usr/bin/nm -B output from gcc object
configure:6317: gcc -c -DFTGLES2=1 -I/usr/include -I/usr/local/include -DFTGLES2=1 -I/usr/include  -I/usr/local/include conftest.c >&5
configure:6320: $? = 0
configure:6324: /usr/bin/nm -B conftest.o \| sed -n -e 's/^.*[	 ]\([ABCDGIRSTW][ABCDGIRSTW]*\)[	 ][	 ]*\([_A-Za-z][_A-Za-z0-9]*\)$/\1 \2 \2/p' \> conftest.nm
configure:6327: $? = 0
configure:6381: gcc -o conftest -DFTGLES2=1 -I/usr/include -I/usr/local/include -DFTGLES2=1 -I/usr/include  -I/usr/local/include  conftest.c conftstm.o >&5
configure:6384: $? = 0
configure:6422: result: ok
configure:6518: gcc -c -DFTGLES2=1 -I/usr/include -I/usr/local/include -DFTGLES2=1 -I/usr/include  -I/usr/local/include conftest.c >&5
configure:6521: $? = 0
configure:7231: checking how to run the C preprocessor
configure:7262: gcc -E -DFTGLES2=1 -I/usr/include  -I/usr/local/include conftest.c
configure:7262: $? = 0
configure:7276: gcc -E -DFTGLES2=1 -I/usr/include  -I/usr/local/include conftest.c
conftest.c:9:28: fatal error: ac_nonexistent.h: No such file or directory
compilation terminated.
configure:7276: $? = 1
configure: failed program was:
| /* confdefs.h */
| #define PACKAGE_NAME "FTGLES2"
| #define PACKAGE_TARNAME "ftgles2"
| #define PACKAGE_VERSION "0.1"
| #define PACKAGE_STRING "FTGLES2 0.1"
| #define PACKAGE_BUGREPORT "h@killercool.net"
| #define PACKAGE_URL ""
| /* end confdefs.h.  */
| #include <ac_nonexistent.h>
configure:7301: result: gcc -E
configure:7321: gcc -E -DFTGLES2=1 -I/usr/include  -I/usr/local/include conftest.c
configure:7321: $? = 0
configure:7335: gcc -E -DFTGLES2=1 -I/usr/include  -I/usr/local/include conftest.c
conftest.c:9:28: fatal error: ac_nonexistent.h: No such file or directory
compilation terminated.
configure:7335: $? = 1
configure: failed program was:
| /* confdefs.h */
| #define PACKAGE_NAME "FTGLES2"
| #define PACKAGE_TARNAME "ftgles2"
| #define PACKAGE_VERSION "0.1"
| #define PACKAGE_STRING "FTGLES2 0.1"
| #define PACKAGE_BUGREPORT "h@killercool.net"
| #define PACKAGE_URL ""
| /* end confdefs.h.  */
| #include <ac_nonexistent.h>
configure:7364: checking for ANSI C header files
configure:7384: gcc -c -DFTGLES2=1 -I/usr/include -I/usr/local/include -DFTGLES2=1 -I/usr/include  -I/usr/local/include conftest.c >&5
configure:7384: $? = 0
configure:7457: gcc -o conftest -DFTGLES2=1 -I/usr/include -I/usr/local/include -DFTGLES2=1 -I/usr/include  -I/usr/local/include  conftest.c  >&5
configure:7457: $? = 0
configure:7457: ./conftest
configure:7457: $? = 0
configure:7468: result: yes
configure:7481: checking for sys/types.h
configure:7481: gcc -c -DFTGLES2=1 -I/usr/include -I/usr/local/include -DFTGLES2=1 -I/usr/include  -I/usr/local/include conftest.c >&5
configure:7481: $? = 0
configure:7481: result: yes
configure:7481: checking for sys/stat.h
configure:7481: gcc -c -DFTGLES2=1 -I/usr/include -I/usr/local/include -DFTGLES2=1 -I/usr/include  -I/usr/local/include conftest.c >&5
configure:7481: $? = 0
configure:7481: result: yes
configure:7481: checking for stdlib.h
configure:7481: gcc -c -DFTGLES2=1 -I/usr/include -I/usr/local/include -DFTGLES2=1 -I/usr/include  -I/usr/local/include conftest.c >&5
configure:7481: $? = 0
configure:7481: result: yes
configure:7481: checking for string.h
configure:7481: gcc -c -DFTGLES2=1 -I/usr/include -I/usr/local/include -DFTGLES2=1 -I/usr/include  -I/usr/local/include conftest.c >&5
configure:7481: $? = 0
configure:7481: result: yes
configure:7481: checking for memory.h
configure:7481: gcc -c -DFTGLES2=1 -I/usr/include -I/usr/local/include -DFTGLES2=1 -I/usr/include  -I/usr/local/include conftest.c >&5
configure:7481: $? = 0
configure:7481: result: yes
configure:7481: checking for strings.h
configure:7481: gcc -c -DFTGLES2=1 -I/usr/include -I/usr/local/include -DFTGLES2=1 -I/usr/include  -I/usr/local/include conftest.c >&5
configure:7481: $? = 0
configure:7481: result: yes
configure:7481: checking for inttypes.h
configure:7481: gcc -c -DFTGLES2=1 -I/usr/include -I/usr/local/include -DFTGLES2=1 -I/usr/include  -I/usr/local/include conftest.c >&5
configure:7481: $? = 0
configure:7481: result: yes
configure:7481: checking for stdint.h
configure:7481: gcc -c -DFTGLES2=1 -I/usr/include -I/usr/local/include -DFTGLES2=1 -I/usr/include  -I/usr/local/include conftest.c >&5
configure:7481: $? = 0
configure:7481: result: yes
configure:7481: checking for unistd.h
configure:7481: gcc -c -DFTGLES2=1 -I/usr/include -I/usr/local/include -DFTGLES2=1 -I/usr/include  -I/usr/local/include conftest.c >&5
configure:7481: $? = 0
configure:7481: result: yes
configure:7495: checking for dlfcn.h
configure:7495: gcc -c -DFTGLES2=1 -I/usr/include -I/usr/local/include -DFTGLES2=1 -I/usr/include  -I/usr/local/include conftest.c >&5
configure:7495: $? = 0
configure:7495: result: yes
configure:7620: checking for C++ compiler version
configure:7629: g++ --version >&5
g++ (Ubuntu 5.4.0-6ubuntu1~16.04.10) 5.4.0 20160609
Copyright (C) 2015 Free Software Foundation, Inc.
This is free software; see the source for copying conditions.  There is NO
warranty; not even for MERCHANTABILITY or FITNESS FOR A PARTICULAR PURPOSE.

configure:7640: $? = 0
configure:7629: g++ -v >&5
Using built-in specs.
COLLECT_GCC=g++
COLLECT_LTO_WRAPPER=/usr/lib/gcc/x86_64-linux-gnu/5/lto-wrapper
Target: x86_64-linux-gnu
Configured with: ../src/configure -v --with-pkgversion='Ubuntu 5.4.0-6ubuntu1~16.04.10' --with-bugurl=file:///usr/share/doc/gcc-5/README.Bugs --enable-languages=c,ada,c++,java,go,d,fortran,objc,obj-c++ --prefix=/usr --program-suffix=-5 --enable-shared --enable-linker-build-id --libexecdir=/usr/lib --without-included-gettext --enable-threads=posix --libdir=/usr/lib --enable-nls --with-sysroot=/ --enable-clocale=gnu --enable-libstdcxx-debug --enable-libstdcxx-time=yes --with-default-libstdcxx-abi=new --enable-gnu-unique-object --disable-vtable-verify --enable-libmpx --enable-plugin --with-system-zlib --disable-browser-plugin --enable-java-awt=gtk --enable-gtk-cairo --with-java-home=/usr/lib/jvm/java-1.5.0-gcj-5-amd64/jre --enable-java-home --with-jvm-root-dir=/usr/lib/jvm/java-1.5.0-gcj-5-amd64 --with-jvm-jar-dir=/usr/lib/jvm-exports/java-1.5.0-gcj-5-amd64 --with-arch-directory=amd64 --with-ecj-jar=/usr/share/java/eclipse-ecj.jar --enable-objc-gc --enable-multiarch --disable-werror --with-arch-32=i686 --with-abi=m64 --with-multilib-list=m32,m64,mx32 --enable-multilib --with-tune=generic --enable-checking=release --build=x86_64-linux-gnu --host=x86_64-linux-gnu --target=x86_64-linux-gnu
Thread model: posix
gcc version 5.4.0 20160609 (Ubuntu 5.4.0-6ubuntu1~16.04.10) 
configure:7640: $? = 0
configure:7629: g++ -V >&5
g++: error: unrecognized command line option '-V'
g++: fatal error: no input files
compilation terminated.
configure:7640: $? = 1
configure:7629: g++ -qversion >&5
g++: error: unrecognized command line option '-qversion'
g++: fatal error: no input files
compilation terminated.
configure:7640: $? = 1
configure:7644: checking whether we are using the GNU C++ compiler
configure:7672: result: yes
configure:7681: checking whether g++ accepts -g
configure:7742: result: yes
configure:7767: checking dependency style of g++
configure:7878: result: gcc3
configure:7901: checking how to run the C++ preprocessor
configure:7928: g++ -E -DFTGLES2=1 -I/usr/include  -I/usr/local/include conftest.cpp
configure:7928: $? = 0
configure:7942: g++ -E -DFTGLES2=1 -I/usr/include  -I/usr/local/include conftest.cpp
conftest.cpp:20:28: fatal error: ac_nonexistent.h: No such file or directory
compilation terminated.
configure:7942: $? = 1
configure: failed program was:
| /* confdefs.h */
| #define PACKAGE_NAME "FTGLES2"
| #define PACKAGE_TARNAME "ftgles2"
| #define PACKAGE_VERSION "0.1"
| #define PACKAGE_STRING "FTGLES2 0.1"
| #define PACKAGE_BUGREPORT "h@killercool.net"
| #define PACKAGE_URL ""
| #define STDC_HEADERS 1
| #define HAVE_SYS_TYPES_H 1
| #define HAVE_SYS_STAT_H 1
| #define HAVE_STDLIB_H 1
| #define HAVE_STRING_H 1
| #define HAVE_MEMORY_H 1
| #define HAVE_STRINGS_H 1
| #define HAVE_INTTYPES_H 1
| #define HAVE_STDINT_H 1
| #define HAVE_UNISTD_H 1
| #define HAVE_DLFCN_H 1
| /* end confdefs.h.  */
| #include <ac_nonexistent.h>
configure:7967: result: g++ -E
configure:7987: g++ -E -DFTGLES2=1 -I/usr/include  -I/usr/local/include conftest.cpp
configure:7987: $? = 0
configure:8001: g++ -E -DFTGLES2=1 -I/usr/include  -I/usr/local/include conftest.cpp
conftest.cpp:20:28: fatal error: ac_nonexistent.h: No such file or directory
compilation terminated.
configure:8001: $? = 1
configure: failed program was:
| /* confdefs.h */
| #define PACKAGE_NAME "FTGLES2"
| #define PACKAGE_TARNAME "ftgles2"
| #define PACKAGE_VERSION "0.1"
| #define PACKAGE_STRING "FTGLES2 0.1"
| #define PACKAGE_BUGREPORT "h@killercool.net"
| #define PACKAGE_URL ""
| #define STDC_HEADERS 1
| #define HAVE_SYS_TYPES_H 1
| #define HAVE_SYS_STAT_H 1
| #define HAVE_STDLIB_H 1
| #define HAVE_STRING_H 1
| #define HAVE_MEMORY_H 1
| #define HAVE_STRINGS_H 1
| #define HAVE_INTTYPES_H 1
| #define HAVE_STDINT_H 1
| #define HAVE_UNISTD_H 1
| #define HAVE_DLFCN_H 1
| /* end confdefs.h.  */
| #include <ac_nonexistent.h>
configure:8207: checking for objdir
configure:8222: result: .libs
configure:8518: checking if gcc supports -fno-rtti -fno-exceptions
configure:8536: gcc -c -DFTGLES2=1 -I/usr/include -I/usr/local/include -DFTGLES2=1 -I/usr/include  -I/usr/local/include -fno-rtti -fno-exceptions conftest.c >&5
cc1: warning: command line option '-fno-rtti' is valid for C++/ObjC++ but not for C
configure:8540: $? = 0
configure:8553: result: no
configure:8573: checking for gcc option to produce PIC
configure:8845: result: -fPIC -DPIC
configure:8857: checking if gcc PIC flag -fPIC -DPIC works
configure:8875: gcc -c -DFTGLES2=1 -I/usr/include -I/usr/local/include -DFTGLES2=1 -I/usr/include  -I/usr/local/include -fPIC -DPIC -DPIC conftest.c >&5
configure:8879: $? = 0
configure:8892: result: yes
configure:8916: checking if gcc static flag -static works
configure:8944: result: yes
configure:8959: checking if gcc supports -c -o file.o
configure:8980: gcc -c -DFTGLES2=1 -I/usr/include -I/usr/local/include -DFTGLES2=1 -I/usr/include  -I/usr/local/include -o out/conftest2.o conftest.c >&5
configure:8984: $? = 0
configure:9006: result: yes
configure:9014: checking if gcc supports -c -o file.o
configure:9061: result: yes
configure:9094: checking whether the gcc linker (/usr/bin/ld -m elf_x86_64) supports shared libraries
configure:10080: result: yes
configure:10117: checking whether -lc should be explicitly linked in
configure:10122: gcc -c -DFTGLES2=1 -I/usr/include -I/usr/local/include -DFTGLES2=1 -I/usr/include  -I/usr/local/include conftest.c >&5
configure:10125: $? = 0
configure:10140: gcc -shared conftest.o  -v -Wl,-soname -Wl,conftest -o conftest 2\>\&1 \| /bin/grep  -lc  \>/dev/null 2\>\&1
configure:10143: $? = 0
configure:10155: result: no
configure:10319: checking dynamic linker characteristics
configure:10752: gcc -o conftest -DFTGLES2=1 -I/usr/include -I/usr/local/include -DFTGLES2=1 -I/usr/include  -I/usr/local/include  -Wl,-rpath -Wl,/foo conftest.c  >&5
configure:10752: $? = 0
configure:10970: result: GNU/Linux ld.so
configure:11072: checking how to hardcode library paths into programs
configure:11097: result: immediate
configure:11617: checking whether stripping libraries is possible
configure:11622: result: yes
configure:11657: checking if libtool supports shared libraries
configure:11659: result: yes
configure:11662: checking whether to build shared libraries
configure:11683: result: yes
configure:11686: checking whether to build static libraries
configure:11690: result: yes
configure:11840: checking for ld used by g++
configure:11907: result: /usr/bin/ld -m elf_x86_64
configure:11914: checking if the linker (/usr/bin/ld -m elf_x86_64) is GNU ld
configure:11929: result: yes
configure:11984: checking whether the g++ linker (/usr/bin/ld -m elf_x86_64) supports shared libraries
configure:12897: result: yes
configure:12925: g++ -c -g -O2 -DFTGLES2=1 -I/usr/include  -I/usr/local/include conftest.cpp >&5
configure:12928: $? = 0
configure:13110: checking for g++ option to produce PIC
configure:13427: result: -fPIC -DPIC
configure:13436: checking if g++ PIC flag -fPIC -DPIC works
configure:13454: g++ -c -g -O2 -DFTGLES2=1 -I/usr/include  -I/usr/local/include -fPIC -DPIC -DPIC conftest.cpp >&5
configure:13458: $? = 0
configure:13471: result: yes
configure:13492: checking if g++ static flag -static works
configure:13520: result: yes
configure:13532: checking if g++ supports -c -o file.o
configure:13553: g++ -c -g -O2 -DFTGLES2=1 -I/usr/include  -I/usr/local/include -o out/conftest2.o conftest.cpp >&5
configure:13557: $? = 0
configure:13579: result: yes
configure:13584: checking if g++ supports -c -o file.o
configure:13631: result: yes
configure:13661: checking whether the g++ linker (/usr/bin/ld -m elf_x86_64) supports shared libraries
configure:13687: result: yes
configure:13824: checking dynamic linker characteristics
configure:14205: g++ -o conftest -g -O2 -DFTGLES2=1 -I/usr/include  -I/usr/local/include  -Wl,-rpath -Wl,/foo conftest.cpp  >&5
configure:14205: $? = 0
configure:14423: result: GNU/Linux ld.so
configure:14474: checking how to hardcode library paths into programs
configure:14499: result: immediate
configure:14564: checking for ANSI C header files
configure:14668: result: yes
configure:14676: checking for stdlib.h
configure:14676: result: yes
configure:14686: checking for wcsdup
configure:14686: gcc -o conftest -DFTGLES2=1 -I/usr/include -I/usr/local/include -DFTGLES2=1 -I/usr/include  -I/usr/local/include  conftest.c  >&5
configure:14686: $? = 0
configure:14686: result: yes
configure:14697: checking for strndup
configure:14697: gcc -o conftest -DFTGLES2=1 -I/usr/include -I/usr/local/include -DFTGLES2=1 -I/usr/include  -I/usr/local/include  conftest.c  >&5
conftest.c:46:6: warning: conflicting types for built-in function 'strndup'
 char strndup ();
      ^
configure:14697: $? = 0
configure:14697: result: yes
configure:14709: checking for X
configure:14817: gcc -E -DFTGLES2=1 -I/usr/include  -I/usr/local/include conftest.c
configure:14817: $? = 0
configure:14848: gcc -o conftest -DFTGLES2=1 -I/usr/include -I/usr/local/include -DFTGLES2=1 -I/usr/include  -I/usr/local/include  conftest.c -lX11  >&5
configure:14848: $? = 0
configure:14898: result: libraries , headers 
configure:14947: checking for freetype-config
configure:14965: found /usr/bin/freetype-config
configure:14978: result: /usr/bin/freetype-config
configure:14988: checking for FreeType -- version >= 9.0.3
configure:15032: result: yes
configure:15186: gcc -o conftest -DFTGLES2=1 -I/usr/include -I/usr/local/include -DFTGLES2=1 -I/usr/include  -I/usr/local/include  conftest.c   -lX11 >&5
configure:15186: $? = 0
configure:15284: checking for gethostbyname
configure:15284: gcc -o conftest -DFTGLES2=1 -I/usr/include -I/usr/local/include -DFTGLES2=1 -I/usr/include  -I/usr/local/include  conftest.c  >&5
configure:15284: $? = 0
configure:15284: result: yes
configure:15381: checking for connect
configure:15381: gcc -o conftest -DFTGLES2=1 -I/usr/include -I/usr/local/include -DFTGLES2=1 -I/usr/include  -I/usr/local/include  conftest.c  >&5
configure:15381: $? = 0
configure:15381: result: yes
configure:15430: checking for remove
configure:15430: gcc -o conftest -DFTGLES2=1 -I/usr/include -I/usr/local/include -DFTGLES2=1 -I/usr/include  -I/usr/local/include  conftest.c  >&5
configure:15430: $? = 0
configure:15430: result: yes
configure:15479: checking for shmat
configure:15479: gcc -o conftest -DFTGLES2=1 -I/usr/include -I/usr/local/include -DFTGLES2=1 -I/usr/include  -I/usr/local/include  conftest.c  >&5
configure:15479: $? = 0
configure:15479: result: yes
configure:15537: checking for IceConnectionNumber in -lICE
configure:15562: gcc -o conftest -DFTGLES2=1 -I/usr/include -I/usr/local/include -DFTGLES2=1 -I/usr/include  -I/usr/local/include  conftest.c -lICE   >&5
configure:15562: $? = 0
configure:15571: result: yes
configure:15626: checking GL/glut.h usability
configure:15626: gcc -c -DFTGLES2=1 -I/usr/include -I/usr/local/include  conftest.c >&5
configure:15626: $? = 0
configure:15626: result: yes
configure:15626: checking GL/glut.h presence
configure:15626: gcc -E  conftest.c
configure:15626: $? = 0
configure:15626: result: yes
configure:15626: checking for GL/glut.h
configure:15626: result: yes
configure:15654: checking for GLUT library
configure:15684: gcc -o conftest -DFTGLES2=1 -I/usr/include -I/usr/local/include   conftest.c -lglut >&5
configure:15684: $? = 0
configure:15782: result: yes
configure:15819: checking for a TrueType font on the system
configure:15853: result: /usr/share/fonts/truetype/ttf-dejavu/DejaVuSerif.ttf
configure:15908: checking for pkg-config
configure:15926: found /usr/bin/pkg-config
configure:15938: result: /usr/bin/pkg-config
configure:15963: checking pkg-config is at least version 0.9.0
configure:15966: result: yes
configure:15977: checking for CPPUNIT
configure:15985: $PKG_CONFIG --exists --print-errors "cppunit"
Package cppunit was not found in the pkg-config search path.
Perhaps you should add the directory containing `cppunit.pc'
to the PKG_CONFIG_PATH environment variable
No package 'cppunit' found
configure:15988: $? = 1
configure:16003: $PKG_CONFIG --exists --print-errors "cppunit"
Package cppunit was not found in the pkg-config search path.
Perhaps you should add the directory containing `cppunit.pc'
to the PKG_CONFIG_PATH environment variable
No package 'cppunit' found
configure:16006: $? = 1
No package 'cppunit' found
configure:16044: result: no
configure:16058: checking for GLUT
configure:16066: $PKG_CONFIG --exists --print-errors "glut"
Package glut was not found in the pkg-config search path.
Perhaps you should add the directory containing `glut.pc'
to the PKG_CONFIG_PATH environment variable
No package 'glut' found
configure:16069: $? = 1
No package 'glut' found
configure:16125: result: no
configure:16145: checking for doxygen
configure:16176: result: no
configure:16196: checking for pdflatex
configure:16227: result: no
configure:16237: checking for kpsewhich
configure:16268: result: no
configure:16278: checking for dvips
configure:16309: result: no
configure:16319: checking for convert
configure:16337: found /usr/bin/convert
configure:16350: result: /usr/bin/convert
configure:16360: checking for epstopdf
configure:16391: result: no
configure:16542: checking that generated files are newer than configure
configure:16548: result: done
configure:16599: creating ./config.status

## ---------------------- ##
## Running config.status. ##
## ---------------------- ##

This file was extended by FTGLES2 config.status 0.1, which was
generated by GNU Autoconf 2.69.  Invocation command line was

  CONFIG_FILES    = 
  CONFIG_HEADERS  = 
  CONFIG_LINKS    = 
  CONFIG_COMMANDS = 
  $ ./config.status 

on luke

config.status:1169: creating ftgles2.pc
config.status:1169: creating Makefile
config.status:1169: creating docs/Makefile
config.status:1169: creating docs/doxygen.cfg
config.status:1169: creating msvc/Makefile
config.status:1169: creating src/Makefile
config.status:1169: creating demo/Makefile
config.status:1169: creating test/Makefile
config.status:1169: creating config.h
config.status:1350: config.h is unchanged
config.status:1398: executing depfiles commands
config.status:1398: executing libtool commands
configure:19088: result: Done.
configure:19090: result: 
configure:19092: result: FTGL configured with the following settings:
configure:19094: result: 
configure:19096: result:              Prefix: /usr/local
configure:19098: result:            Binaries: /usr/local/bin
configure:19100: result: Configuration files: /usr/local/etc
configure:19102: result:          Data files: /usr/local/share
configure:19104: result: 
configure:19106: result: CC       = gcc
configure:19108: result: CXX      = g++
configure:19111: result: CFLAGS   = -DFTGLES2=1 -I/usr/include -I/usr/local/include -Waggregate-return -Wstrict-prototypes -Wmissing-prototypes -Wnested-externs
configure:19115: result: CXXFLAGS = -g -O2
configure:19119: result: CPPFLAGS = -DFTGLES2=1 -I/usr/include  -I/usr/local/include -I${top_srcdir}/src -I${top_srcdir}/src/iGLU-1.0.0/include -Wall -Wpointer-arith -Wcast-align -Wcast-qual -Wshadow -Wsign-compare
configure:19130: result: 
configure:19132: result: ---
configure:19134: result: ./configure complete, type 'make' to begin building
configure:19136: result: 

## ---------------- ##
## Cache variables. ##
## ---------------- ##

ac_cv_build=x86_64-unknown-linux-gnu
ac_cv_c_compiler_gnu=yes
ac_cv_cxx_compiler_gnu=yes
ac_cv_env_CCC_set=
ac_cv_env_CCC_value=
ac_cv_env_CC_set=
ac_cv_env_CC_value=
ac_cv_env_CFLAGS_set=set
ac_cv_env_CFLAGS_value='-DFTGLES2=1 -I/usr/include -I/usr/local/include'
ac_cv_env_CPPFLAGS_set=set
ac_cv_env_CPPFLAGS_value='-DFTGLES2=1 -I/usr/include  -I/usr/local/include'
ac_cv_env_CPPUNIT_CFLAGS_set=
ac_cv_env_CPPUNIT_CFLAGS_value=
ac_cv_env_CPPUNIT_LIBS_set=
ac_cv_env_CPPUNIT_LIBS_value=
ac_cv_env_CPP_set=
ac_cv_env_CPP_value=
ac_cv_env_CXXCPP_set=
ac_cv_env_CXXCPP_value=
ac_cv_env_CXXFLAGS_set=
ac_cv_env_CXXFLAGS_value=
ac_cv_env_CXX_set=
ac_cv_env_CXX_value=
ac_cv_env_GLUT_CFLAGS_set=
ac_cv_env_GLUT_CFLAGS_value=
ac_cv_env_GLUT_LIBS_set=
ac_cv_env_GLUT_LIBS_value=
ac_cv_env_LDFLAGS_set=
ac_cv_env_LDFLAGS_value=
ac_cv_env_LIBS_set=
ac_cv_env_LIBS_value=
ac_cv_env_PKG_CONFIG_set=
ac_cv_env_PKG_CONFIG_value=
ac_cv_env_XMKMF_set=
ac_cv_env_XMKMF_value=
ac_cv_env_build_alias_set=
ac_cv_env_build_alias_value=
ac_cv_env_host_alias_set=
ac_cv_env_host_alias_value=
ac_cv_env_target_alias_set=
ac_cv_env_target_alias_value=
ac_cv_func_connect=yes
ac_cv_func_gethostbyname=yes
ac_cv_func_remove=yes
ac_cv_func_shmat=yes
ac_cv_func_strndup=yes
ac_cv_func_wcsdup=yes
ac_cv_have_glut=yes
ac_cv_have_x='have_x=yes	ac_x_includes='\'''\''	ac_x_libraries='\'''\'''
ac_cv_header_GL_glut_h=yes
ac_cv_header_dlfcn_h=yes
ac_cv_header_inttypes_h=yes
ac_cv_header_memory_h=yes
ac_cv_header_stdc=yes
ac_cv_header_stdint_h=yes
ac_cv_header_stdlib_h=yes
ac_cv_header_string_h=yes
ac_cv_header_strings_h=yes
ac_cv_header_sys_stat_h=yes
ac_cv_header_sys_types_h=yes
ac_cv_header_unistd_h=yes
ac_cv_host=x86_64-unknown-linux-gnu
ac_cv_lib_ICE_IceConnectionNumber=yes
ac_cv_objext=o
ac_cv_path_CONVERT=/usr/bin/convert
ac_cv_path_DOXYGEN=no
ac_cv_path_DVIPS=no
ac_cv_path_EGREP='/bin/grep -E'
ac_cv_path_EPSTOPDF=no
ac_cv_path_FGREP='/bin/grep -F'
ac_cv_path_FT2_CONFIG=/usr/bin/freetype-config
ac_cv_path_GREP=/bin/grep
ac_cv_path_KPSEWHICH=no
ac_cv_path_LATEX=no
ac_cv_path_SED=/bin/sed
ac_cv_path_ac_pt_PKG_CONFIG=/usr/bin/pkg-config
ac_cv_path_install='/usr/bin/install -c'
ac_cv_path_mkdir=/bin/mkdir
ac_cv_prog_AWK=gawk
ac_cv_prog_CPP='gcc -E'
ac_cv_prog_CXXCPP='g++ -E'
ac_cv_prog_ac_ct_AR=ar
ac_cv_prog_ac_ct_CC=gcc
ac_cv_prog_ac_ct_CXX=g++
ac_cv_prog_ac_ct_OBJDUMP=objdump
ac_cv_prog_ac_ct_RANLIB=ranlib
ac_cv_prog_ac_ct_STRIP=strip
ac_cv_prog_cc_c89=
ac_cv_prog_cc_g=yes
ac_cv_prog_cxx_g=yes
ac_cv_prog_make_make_set=yes
am_cv_CC_dependencies_compiler_type=gcc3
am_cv_CXX_dependencies_compiler_type=gcc3
am_cv_make_support_nested_variables=yes
am_cv_prog_cc_c_o=yes
lt_cv_deplibs_check_method=pass_all
lt_cv_file_magic_cmd='$MAGIC_CMD'
lt_cv_file_magic_test_file=
lt_cv_ld_reload_flag=-r
lt_cv_nm_interface='BSD nm'
lt_cv_objdir=.libs
lt_cv_path_LD=/usr/bin/ld
lt_cv_path_LDCXX='/usr/bin/ld -m elf_x86_64'
lt_cv_path_NM='/usr/bin/nm -B'
lt_cv_prog_compiler_c_o=yes
lt_cv_prog_compiler_c_o_CXX=yes
lt_cv_prog_compiler_pic_works=yes
lt_cv_prog_compiler_pic_works_CXX=yes
lt_cv_prog_compiler_rtti_exceptions=no
lt_cv_prog_compiler_static_works=yes
lt_cv_prog_compiler_static_works_CXX=yes
lt_cv_prog_gnu_ld=yes
lt_cv_prog_gnu_ldcxx=yes
lt_cv_sys_global_symbol_pipe='sed -n -e '\''s/^.*[	 ]\([ABCDGIRSTW][ABCDGIRSTW]*\)[	 ][	 ]*\([_A-Za-z][_A-Za-z0-9]*\)$/\1 \2 \2/p'\'''
lt_cv_sys_global_symbol_to_c_name_address='sed -n -e '\''s/^: \([^ ]*\) $/  {\"\1\", (void *) 0},/p'\'' -e '\''s/^[ABCDGIRSTW]* \([^ ]*\) \([^ ]*\)$/  {"\2", (void *) \&\2},/p'\'''
lt_cv_sys_global_symbol_to_c_name_address_lib_prefix='sed -n -e '\''s/^: \([^ ]*\) $/  {\"\1\", (void *) 0},/p'\'' -e '\''s/^[ABCDGIRSTW]* \([^ ]*\) \(lib[^ ]*\)$/  {"\2", (void *) \&\2},/p'\'' -e '\''s/^[ABCDGIRSTW]* \([^ ]*\) \([^ ]*\)$/  {"lib\2", (void *) \&\2},/p'\'''
lt_cv_sys_global_symbol_to_cdecl='sed -n -e '\''s/^T .* \(.*\)$/extern int \1();/p'\'' -e '\''s/^[ABCDGIRSTW]* .* \(.*\)$/extern char \1;/p'\'''
lt_cv_sys_max_cmd_len=1572864
pkg_cv_GLUT_LIBS=-lglut

## ----------------- ##
## Output variables. ##
## ----------------- ##

ACLOCAL='aclocal-1.15'
AMDEPBACKSLASH='\'
AMDEP_FALSE='#'
AMDEP_TRUE=''
AMTAR='$${TAR-tar}'
AM_BACKSLASH='\'
AM_DEFAULT_V='$(AM_DEFAULT_VERBOSITY)'
AM_DEFAULT_VERBOSITY='1'
AM_V='$(V)'
AR='ar'
AUTOCONF='autoconf'
AUTOHEADER='autoheader'
AUTOMAKE='automake-1.15'
AWK='gawk'
CC='gcc'
CCDEPMODE='depmode=gcc3'
CFLAGS='-DFTGLES2=1 -I/usr/include -I/usr/local/include -Waggregate-return -Wstrict-prototypes -Wmissing-prototypes -Wnested-externs'
CONVERT='/usr/bin/convert'
CPP='gcc -E'
CPPFLAGS='-DFTGLES2=1 -I/usr/include  -I/usr/local/include -I${top_srcdir}/src -I${top_srcdir}/src/iGLU-1.0.0/include -Wall -Wpointer-arith -Wcast-align -Wcast-qual -Wshadow -Wsign-compare'
CPPUNIT_CFLAGS=''
CPPUNIT_LIBS=''
CXX='g++'
CXXCPP='g++ -E'
CXXDEPMODE='depmode=gcc3'
CXXFLAGS='-g -O2'
CYGPATH_W='echo'
DEFS='-DHAVE_CONFIG_H'
DEPDIR='.deps'
DOXYGEN='no'
DSYMUTIL=''
DUMPBIN=''
DVIPS='no'
ECHO_C=''
ECHO_N='-n'
ECHO_T=''
EGREP='/bin/grep -E'
EPSTOPDF='no'
EXEEXT=''
FGREP='/bin/grep -F'
FT2_CFLAGS='-I/usr/include/freetype2'
FT2_CONFIG='/usr/bin/freetype-config'
FT2_LIBS='-lfreetype'
GLUT_CFLAGS=''
GLUT_LIBS='-lglut'
GREP='/bin/grep'
HAVE_CPPUNIT_FALSE=''
HAVE_CPPUNIT_TRUE='#'
HAVE_DOXYGEN_FALSE=''
HAVE_DOXYGEN_TRUE='#'
HAVE_GLUT_FALSE=''
HAVE_GLUT_TRUE='#'
HAVE_LATEX_FALSE=''
HAVE_LATEX_TRUE='#'
INSTALL_DATA='${INSTALL} -m 644'
INSTALL_PROGRAM='${INSTALL}'
INSTALL_SCRIPT='${INSTALL}'
INSTALL_STRIP_PROGRAM='$(install_sh) -c -s'
KPSEWHICH='no'
LATEX='no'
LD='/usr/bin/ld -m elf_x86_64'
LDFLAGS=''
LIBOBJS=''
LIBS=''
LIBTOOL='$(SHELL) $(top_builddir)/libtool'
LIPO=''
LN_S='ln -s'
LTLIBOBJS=''
LT_MAJOR='0'
LT_MICRO='2'
LT_MINOR='1'
LT_VERSION='0:1:2'
MAKEINFO='makeinfo'
MKDIR_P='/bin/mkdir -p'
NM='/usr/bin/nm -B'
NMEDIT=''
OBJDUMP='objdump'
OBJEXT='o'
OTOOL64=''
OTOOL=''
PACKAGE='ftgles2'
PACKAGE_BUGREPORT='h@killercool.net'
PACKAGE_NAME='FTGLES2'
PACKAGE_STRING='FTGLES2 0.1'
PACKAGE_TARNAME='ftgles2'
PACKAGE_URL=''
PACKAGE_VERSION='0.1'
PATH_SEPARATOR=':'
PKG_CONFIG='/usr/bin/pkg-config'
RANLIB='ranlib'
SED='/bin/sed'
SET_MAKE=''
SHELL='/bin/bash'
STRIP='strip'
VERSION='0.1'
XMKMF=''
X_CFLAGS=''
X_EXTRA_LIBS=''
X_LIBS=''
X_PRE_LIBS=' -lSM -lICE'
ac_ct_CC='gcc'
ac_ct_CXX='g++'
ac_ct_DUMPBIN=''
am__EXEEXT_FALSE=''
am__EXEEXT_TRUE='#'
am__fastdepCC_FALSE='#'
am__fastdepCC_TRUE=''
am__fastdepCXX_FALSE='#'
am__fastdepCXX_TRUE=''
am__include='include'
am__isrc=''
am__leading_dot='.'
am__nodep='_no'
am__quote=''
am__tar='$${TAR-tar} chof - "$$tardir"'
am__untar='$${TAR-tar} xf -'
bindir='/usr/local/bin'
build='x86_64-unknown-linux-gnu'
build_alias=''
build_cpu='x86_64'
build_os='linux-gnu'
build_vendor='unknown'
datadir='/usr/local/share'
datarootdir='${prefix}/share'
docdir='${datarootdir}/doc/${PACKAGE_TARNAME}'
dvidir='${docdir}'
exec_prefix='${prefix}'
host='x86_64-unknown-linux-gnu'
host_alias=''
host_cpu='x86_64'
host_os='linux-gnu'
host_vendor='unknown'
htmldir='${docdir}'
includedir='${prefix}/include'
infodir='${datarootdir}/info'
install_sh='${SHELL} /home/hib/opencvs/SilentRadiance/linux/other/ftgles2/ftgles2/.auto/install-sh'
libdir='${exec_prefix}/lib'
libexecdir='${exec_prefix}/libexec'
localedir='${datarootdir}/locale'
localstatedir='${prefix}/var'
lt_ECHO='echo'
mandir='/usr/local/share/man'
mkdir_p='$(MKDIR_P)'
oldincludedir='/usr/include'
pdfdir='${docdir}'
prefix='/usr/local'
program_transform_name='s,x,x,'
psdir='${docdir}'
runstatedir='${localstatedir}/run'
sbindir='${exec_prefix}/sbin'
sharedstatedir='${prefix}/com'
sysconfdir='/usr/local/etc'
target_alias=''

## ----------- ##
## confdefs.h. ##
## ----------- ##

/* confdefs.h */
#define PACKAGE_NAME "FTGLES2"
#define PACKAGE_TARNAME "ftgles2"
#define PACKAGE_VERSION "0.1"
#define PACKAGE_STRING "FTGLES2 0.1"
#define PACKAGE_BUGREPORT "h@killercool.net"
#define PACKAGE_URL ""
#define STDC_HEADERS 1
#define HAVE_SYS_TYPES_H 1
#define HAVE_SYS_STAT_H 1
#define HAVE_STDLIB_H 1
#define HAVE_STRING_H 1
#define HAVE_MEMORY_H 1
#define HAVE_STRINGS_H 1
#define HAVE_INTTYPES_H 1
#define HAVE_STDINT_H 1
#define HAVE_UNISTD_H 1
#define HAVE_DLFCN_H 1
#define LT_OBJDIR ".libs/"
#define STDC_HEADERS 1
#define HAVE_WCSDUP 1
#define HAVE_STRNDUP 1
#define HAVE_GL_GLUT_H 1
#define FONT_FILE "/usr/share/fonts/truetype/ttf-dejavu/DejaVuSerif.ttf"

configure: exit 0
